0 info it worked if it ends with ok
1 verbose cli [ 'C:\\Program Files\\nodejs\\node.exe',
1 verbose cli   'C:\\Program Files\\nodejs\\node_modules\\npm\\bin\\npm-cli.js',
1 verbose cli   'start' ]
2 info using npm@3.10.10
3 info using node@v6.10.3
4 verbose run-script [ 'prestart', 'start', 'poststart' ]
5 info lifecycle weather@0.1.0~prestart: weather@0.1.0
6 silly lifecycle weather@0.1.0~prestart: no script for prestart, continuing
7 info lifecycle weather@0.1.0~start: weather@0.1.0
8 verbose lifecycle weather@0.1.0~start: unsafe-perm in lifecycle true
9 verbose lifecycle weather@0.1.0~start: PATH: C:\Program Files\nodejs\node_modules\npm\bin\node-gyp-bin;C:\Users\nnoes_000\weather\node_modules\.bin;C:\Users\nnoes_000\AppData\Roaming\npm;C:\Program Files\nodejs\;C:\Program Files (x86)\AMD APP\bin\x86_64;C:\Program Files (x86)\AMD APP\bin\x86;C:\WINDOWS\system32;C:\WINDOWS;C:\WINDOWS\System32\Wbem;C:\WINDOWS\System32\WindowsPowerShell\v1.0\;C:\Program Files (x86)\ATI Technologies\ATI.ACE\Core-Static;C:\WINDOWS\system32;C:\WINDOWS;C:\WINDOWS\System32\Wbem;C:\WINDOWS\System32\WindowsPowerShell\v1.0\;C:\Program Files\Microsoft SQL Server\120\Tools\Binn\;C:\Program Files\Microsoft SQL Server\Client SDK\ODBC\110\Tools\Binn\;C:\Program Files (x86)\Microsoft SQL Server\120\Tools\Binn\;C:\Program Files\Microsoft SQL Server\120\DTS\Binn\;C:\Program Files (x86)\Microsoft SQL Server\120\Tools\Binn\ManagementStudio\;C:\Program Files (x86)\Microsoft SQL Server\120\DTS\Binn\;C:\Program Files (x86)\Skype\Phone\;c:\Program Files (x86)\Microsoft SQL Server\90\Tools\binn\;C:\wamp64\bin\php\php5.6.31;C:\Program Files\nodejs\;C:\Program Files\dotnet\;C:\Program Files\Microsoft SQL Server\130\Tools\Binn\;D:\xampp\php;C:\ProgramData\ComposerSetup\bin;C:\Users\nnoes_000\AppData\Local\Microsoft\WindowsApps;C:\Program Files\Heroku\bin;C:\AppServ\MySQL\bin;C:\AppServ\Apache2.2\bin;C:\Users\nnoes_000\AppData\Roaming\Composer\vendor\bin;C:\Users\nnoes_000\AppData\Roaming\npm;C:\xampp\php;
10 verbose lifecycle weather@0.1.0~start: CWD: C:\Users\nnoes_000\weather
11 silly lifecycle weather@0.1.0~start: Args: [ '/d /s /c', 'react-scripts start' ]
12 silly lifecycle weather@0.1.0~start: Returned: code: 3221225786  signal: null
13 info lifecycle weather@0.1.0~start: Failed to exec start script
14 verbose stack Error: weather@0.1.0 start: `react-scripts start`
14 verbose stack Exit status 3221225786
14 verbose stack     at EventEmitter.<anonymous> (C:\Program Files\nodejs\node_modules\npm\lib\utils\lifecycle.js:255:16)
14 verbose stack     at emitTwo (events.js:106:13)
14 verbose stack     at EventEmitter.emit (events.js:191:7)
14 verbose stack     at ChildProcess.<anonymous> (C:\Program Files\nodejs\node_modules\npm\lib\utils\spawn.js:40:14)
14 verbose stack     at emitTwo (events.js:106:13)
14 verbose stack     at ChildProcess.emit (events.js:191:7)
14 verbose stack     at maybeClose (internal/child_process.js:886:16)
14 verbose stack     at Process.ChildProcess._handle.onexit (internal/child_process.js:226:5)
15 verbose pkgid weather@0.1.0
16 verbose cwd C:\Users\nnoes_000\weather
17 error Windows_NT 10.0.16299
18 error argv "C:\\Program Files\\nodejs\\node.exe" "C:\\Program Files\\nodejs\\node_modules\\npm\\bin\\npm-cli.js" "start"
19 error node v6.10.3
20 error npm  v3.10.10
21 error code ELIFECYCLE
22 error weather@0.1.0 start: `react-scripts start`
22 error Exit status 3221225786
23 error Failed at the weather@0.1.0 start script 'react-scripts start'.
23 error Make sure you have the latest version of node.js and npm installed.
23 error If you do, this is most likely a problem with the weather package,
23 error not with npm itself.
23 error Tell the author that this fails on your system:
23 error     react-scripts start
23 error You can get information on how to open an issue for this project with:
23 error     npm bugs weather
23 error Or if that isn't available, you can get their info via:
23 error     npm owner ls weather
23 error There is likely additional logging output above.
24 verbose exit [ 1, true ]
